<?xml version="1.0" encoding="UTF-8"?>
<testsuite xmlns:xsi="http://www.w3.org/2001/XMLSchema-instance" xsi:noNamespaceSchemaLocation="https://maven.apache.org/surefire/maven-surefire-plugin/xsd/surefire-test-report-3.0.xsd" version="3.0" name="com.openclassrooms.testing.calculator.CalculatorTest" time="0.674" tests="11" errors="0" skipped="0" failures="0">
  <properties>
    <property name="java.specification.version" value="20"/>
    <property name="sun.cpu.isalist" value="amd64"/>
    <property name="sun.jnu.encoding" value="Cp1252"/>
    <property name="java.class.path" value="C:\Users\rezgu\eclipse-workspace\Java EE Projects\calculator\target\test-classes;C:\Users\rezgu\eclipse-workspace\Java EE Projects\calculator\target\classes;C:\Users\rezgu\.m2\repository\org\junit\jupiter\junit-jupiter\5.10.0\junit-jupiter-5.10.0.jar;C:\Users\rezgu\.m2\repository\org\junit\jupiter\junit-jupiter-api\5.10.0\junit-jupiter-api-5.10.0.jar;C:\Users\rezgu\.m2\repository\org\opentest4j\opentest4j\1.3.0\opentest4j-1.3.0.jar;C:\Users\rezgu\.m2\repository\org\junit\platform\junit-platform-commons\1.10.0\junit-platform-commons-1.10.0.jar;C:\Users\rezgu\.m2\repository\org\junit\jupiter\junit-jupiter-engine\5.10.0\junit-jupiter-engine-5.10.0.jar;C:\Users\rezgu\.m2\repository\org\junit\platform\junit-platform-engine\1.10.0\junit-platform-engine-1.10.0.jar;C:\Users\rezgu\.m2\repository\org\junit\jupiter\junit-jupiter-params\5.7.1\junit-jupiter-params-5.7.1.jar;C:\Users\rezgu\.m2\repository\org\apiguardian\apiguardian-api\1.1.0\apiguardian-api-1.1.0.jar;"/>
    <property name="java.vm.vendor" value="Oracle Corporation"/>
    <property name="sun.arch.data.model" value="64"/>
    <property name="user.variant" value=""/>
    <property name="java.vendor.url" value="https://java.oracle.com/"/>
    <property name="user.timezone" value="Africa/Tunis"/>
    <property name="os.name" value="Windows 10"/>
    <property name="java.vm.specification.version" value="20"/>
    <property name="sun.java.launcher" value="SUN_STANDARD"/>
    <property name="user.country" value="FR"/>
    <property name="sun.boot.library.path" value="C:\Program Files\Java\jdk-20\bin"/>
    <property name="sun.java.command" value="C:\Users\rezgu\AppData\Local\Temp\surefire869326928056183872\surefirebooter12648836841774365587.jar C:\Users\rezgu\AppData\Local\Temp\surefire869326928056183872 2023-10-21T03-36-45_668-jvmRun1 surefire15333761284681070641tmp surefire_09359121785891197898tmp"/>
    <property name="jdk.debug" value="release"/>
    <property name="surefire.test.class.path" value="C:\Users\rezgu\eclipse-workspace\Java EE Projects\calculator\target\test-classes;C:\Users\rezgu\eclipse-workspace\Java EE Projects\calculator\target\classes;C:\Users\rezgu\.m2\repository\org\junit\jupiter\junit-jupiter\5.10.0\junit-jupiter-5.10.0.jar;C:\Users\rezgu\.m2\repository\org\junit\jupiter\junit-jupiter-api\5.10.0\junit-jupiter-api-5.10.0.jar;C:\Users\rezgu\.m2\repository\org\opentest4j\opentest4j\1.3.0\opentest4j-1.3.0.jar;C:\Users\rezgu\.m2\repository\org\junit\platform\junit-platform-commons\1.10.0\junit-platform-commons-1.10.0.jar;C:\Users\rezgu\.m2\repository\org\junit\jupiter\junit-jupiter-engine\5.10.0\junit-jupiter-engine-5.10.0.jar;C:\Users\rezgu\.m2\repository\org\junit\platform\junit-platform-engine\1.10.0\junit-platform-engine-1.10.0.jar;C:\Users\rezgu\.m2\repository\org\junit\jupiter\junit-jupiter-params\5.7.1\junit-jupiter-params-5.7.1.jar;C:\Users\rezgu\.m2\repository\org\apiguardian\apiguardian-api\1.1.0\apiguardian-api-1.1.0.jar;"/>
    <property name="sun.cpu.endian" value="little"/>
    <property name="user.home" value="C:\Users\rezgu"/>
    <property name="user.language" value="fr"/>
    <property name="java.specification.vendor" value="Oracle Corporation"/>
    <property name="java.version.date" value="2023-04-18"/>
    <property name="java.home" value="C:\Program Files\Java\jdk-20"/>
    <property name="file.separator" value="\"/>
    <property name="basedir" value="C:\Users\rezgu\eclipse-workspace\Java EE Projects\calculator"/>
    <property name="style.color" value="always"/>
    <property name="java.vm.compressedOopsMode" value="32-bit"/>
    <property name="line.separator" value="&#10;"/>
    <property name="java.vm.specification.vendor" value="Oracle Corporation"/>
    <property name="java.specification.name" value="Java Platform API Specification"/>
    <property name="surefire.real.class.path" value="C:\Users\rezgu\AppData\Local\Temp\surefire869326928056183872\surefirebooter12648836841774365587.jar"/>
    <property name="user.script" value=""/>
    <property name="sun.management.compiler" value="HotSpot 64-Bit Tiered Compilers"/>
    <property name="java.runtime.version" value="20.0.1+9-29"/>
    <property name="user.name" value="rezgu"/>
    <property name="stdout.encoding" value="Cp1252"/>
    <property name="path.separator" value=";"/>
    <property name="os.version" value="10.0"/>
    <property name="java.runtime.name" value="Java(TM) SE Runtime Environment"/>
    <property name="file.encoding" value="UTF-8"/>
    <property name="java.vm.name" value="Java HotSpot(TM) 64-Bit Server VM"/>
    <property name="localRepository" value="C:\Users\rezgu\.m2\repository"/>
    <property name="java.vendor.url.bug" value="https://bugreport.java.com/bugreport/"/>
    <property name="java.io.tmpdir" value="C:\Users\rezgu\AppData\Local\Temp\"/>
    <property name="java.version" value="20.0.1"/>
    <property name="user.dir" value="C:\Users\rezgu\eclipse-workspace\Java EE Projects\calculator"/>
    <property name="os.arch" value="amd64"/>
    <property name="java.vm.specification.name" value="Java Virtual Machine Specification"/>
    <property name="sun.os.patch.level" value=""/>
    <property name="native.encoding" value="Cp1252"/>
    <property name="java.library.path" value="C:\Program Files\Java\jdk-20\bin;C:\Windows\Sun\Java\bin;C:\Windows\system32;C:\Windows;C:/Users/rezgu/.jdks/openjdk-20.0.1/bin/server;C:/Users/rezgu/.jdks/openjdk-20.0.1/bin;C:\Program Files\Python38\;C:\Program Files\Common Files\Oracle\Java\javapath;C:\Windows\system32;C:\Windows;C:\Windows\System32\Wbem;C:\Windows\System32\WindowsPowerShell\v1.0\;C:\Windows\System32\OpenSSH\;C:\Program Files\Git\cmd;C:\ProgramData\ComposerSetup\bin;C:\Users\rezgu\.jdks\openjdk-20.0.1;C:\Program Files\PowerShell\7\;C:\Users\rezgu\AppData\Roaming\Microsoft\Windows\Start Menu\Programs\MySQL;C:\Program Files\MySQL\MySQL Server 8.0\bin;C:\apache-maven-3.8.8\bin;D:\intellijIdea\bin;&apos;C:\Users\rezgu\AppData\Roaming\Python\Python38\Scripts&apos;;C:\Users\rezgu\AppData\Local\Programs\Microsoft VS Code\bin;C:\Windows\System32;;."/>
    <property name="java.vm.info" value="mixed mode, sharing"/>
    <property name="stderr.encoding" value="Cp1252"/>
    <property name="java.vendor" value="Oracle Corporation"/>
    <property name="java.vm.version" value="20.0.1+9-29"/>
    <property name="sun.io.unicode.encoding" value="UnicodeLittle"/>
    <property name="java.class.version" value="64.0"/>
  </properties>
  <testcase name="testAddTwoPositiveNumbers" classname="com.openclassrooms.testing.calculator.CalculatorTest" time="0.007">
    <system-out><![CDATA[Appel avant tous les  tests
Appel avant chaque test
Appel aprés chaque test
]]></system-out>
  </testcase>
  <testcase name="add_shouldReturnTheSum_ofMultipleIntegers(int, int, int)[1]" classname="com.openclassrooms.testing.calculator.CalculatorTest" time="0.021">
    <system-out><![CDATA[Appel avant chaque test
Appel aprés chaque test
]]></system-out>
  </testcase>
  <testcase name="add_shouldReturnTheSum_ofMultipleIntegers(int, int, int)[2]" classname="com.openclassrooms.testing.calculator.CalculatorTest" time="0.001">
    <system-out><![CDATA[Appel avant chaque test
Appel aprés chaque test
]]></system-out>
  </testcase>
  <testcase name="add_shouldReturnTheSum_ofMultipleIntegers(int, int, int)[3]" classname="com.openclassrooms.testing.calculator.CalculatorTest" time="0.001">
    <system-out><![CDATA[Appel avant chaque test
Appel aprés chaque test
]]></system-out>
  </testcase>
  <testcase name="multiply_shouldReturnTheProduct_ofTwoIntegers" classname="com.openclassrooms.testing.calculator.CalculatorTest" time="0.001">
    <system-out><![CDATA[Appel avant chaque test
Appel aprés chaque test
]]></system-out>
  </testcase>
  <testcase name="longCalcul_shouldComputeInLessThan1Second" classname="com.openclassrooms.testing.calculator.CalculatorTest" time="0.517">
    <system-out><![CDATA[Appel avant chaque test
Appel aprés chaque test
]]></system-out>
  </testcase>
  <testcase name="multiply_shouldReturnZero_ofZeroWithMultipleIntegers(int)[1]" classname="com.openclassrooms.testing.calculator.CalculatorTest" time="0.002">
    <system-out><![CDATA[Appel avant chaque test
Appel aprés chaque test
]]></system-out>
  </testcase>
  <testcase name="multiply_shouldReturnZero_ofZeroWithMultipleIntegers(int)[2]" classname="com.openclassrooms.testing.calculator.CalculatorTest" time="0.001">
    <system-out><![CDATA[Appel avant chaque test
Appel aprés chaque test
]]></system-out>
  </testcase>
  <testcase name="multiply_shouldReturnZero_ofZeroWithMultipleIntegers(int)[3]" classname="com.openclassrooms.testing.calculator.CalculatorTest" time="0.002">
    <system-out><![CDATA[Appel avant chaque test
Appel aprés chaque test
]]></system-out>
  </testcase>
  <testcase name="multiply_shouldReturnZero_ofZeroWithMultipleIntegers(int)[4]" classname="com.openclassrooms.testing.calculator.CalculatorTest" time="0.001">
    <system-out><![CDATA[Appel avant chaque test
Appel aprés chaque test
]]></system-out>
  </testcase>
  <testcase name="multiply_shouldReturnZero_ofZeroWithMultipleIntegers(int)[5]" classname="com.openclassrooms.testing.calculator.CalculatorTest" time="0.001">
    <system-out><![CDATA[Appel avant chaque test
Appel aprés chaque test
]]></system-out>
  </testcase>
</testsuite>